<?xml version="1.0" encoding="UTF-8" ?>
<testsuite errors="1" failures="0" hostname="victor-PC" name="yosydev.PerfilControllerTests" tests="1" time="0.047" timestamp="2012-01-22T11:43:00">
  <properties />
  <testcase classname="yosydev.PerfilControllerTests" name="testSomething" time="0.045">
    <error message="yosydev.PerfilController" type="java.lang.ClassNotFoundException">java.lang.ClassNotFoundException: yosydev.PerfilController
	at java.net.URLClassLoader$1.run(URLClassLoader.java:366)
	at java.net.URLClassLoader$1.run(URLClassLoader.java:355)
	at java.security.AccessController.doPrivileged(Native Method)
	at java.net.URLClassLoader.findClass(URLClassLoader.java:354)
	at java.lang.ClassLoader.loadClass(ClassLoader.java:423)
	at java.lang.ClassLoader.loadClass(ClassLoader.java:356)
	at java_lang_ClassLoader$loadClass.call(Unknown Source)
	at grails.test.MvcUnitTestCase.&lt;init&gt;(MvcUnitTestCase.groovy:63)
	at grails.test.ControllerUnitTestCase.&lt;init&gt;(ControllerUnitTestCase.groovy:42)
	at yosydev.PerfilControllerTests.&lt;init&gt;(PerfilControllerTests.groovy)
	at BeesTestApp$_run_closure4.doCall(BeesTestApp:271)
	at BeesTestApp$_run_closure4.call(BeesTestApp)
	at BeesTestApp$_run_closure2.doCall(BeesTestApp:228)
	at BeesTestApp$_run_closure1_closure21.doCall(BeesTestApp:187)
	at BeesTestApp$_run_closure1.doCall(BeesTestApp:174)
	at BeesTestApp$_run_closure1.doCall(BeesTestApp:82)
	at BeesTestApp$_run_closure1.doCall(BeesTestApp:11)
	at gant.Gant$_dispatch_closure5.doCall(Gant.groovy:381)
	at gant.Gant$_dispatch_closure7.doCall(Gant.groovy:415)
	at gant.Gant$_dispatch_closure7.doCall(Gant.groovy)
	at gant.Gant.withBuildListeners(Gant.groovy:427)
	at gant.Gant.this$2$withBuildListeners(Gant.groovy)
	at gant.Gant$this$2$withBuildListeners.callCurrent(Unknown Source)
	at gant.Gant.dispatch(Gant.groovy:415)
	at gant.Gant.this$2$dispatch(Gant.groovy)
	at gant.Gant.invokeMethod(Gant.groovy)
	at gant.Gant.executeTargets(Gant.groovy:590)
	at gant.Gant.executeTargets(Gant.groovy:589)
</error>
  </testcase>
  <system-out><![CDATA[--Output from testSomething--
]]></system-out>
  <system-err><![CDATA[--Output from testSomething--
]]></system-err>
</testsuite>
